# JRE version: OpenJDK Runtime Environment (8.0_152-b01) (build 1.8.0_152-release-1343-b01)
# Java VM: OpenJDK 64-Bit Server VM (25.152-b01 mixed mode windows-amd64 compressed oops)
Heap:
 PSYoungGen      total 71680K, used 48015K [0x00000000e0000000, 0x00000000e4b00000, 0x0000000100000000)
  eden space 66560K, 64% used [0x00000000e0000000,0x00000000e29e6050,0x00000000e4100000)
  from space 5120K, 99% used [0x00000000e4100000,0x00000000e45fdcc0,0x00000000e4600000)
  to   space 5120K, 0% used [0x00000000e4600000,0x00000000e4600000,0x00000000e4b00000)
 ParOldGen       total 64000K, used 22329K [0x00000000a0000000, 0x00000000a3e80000, 0x00000000e0000000)
  object space 64000K, 34% used [0x00000000a0000000,0x00000000a15ce6d8,0x00000000a3e80000)
 Metaspace       used 44748K, capacity 45676K, committed 46080K, reserved 1089536K
  class space    used 6038K, capacity 6292K, committed 6400K, reserved 1048576K
GC Heap History (10 events):
Event: 2.285 GC heap before
{Heap before GC invocations=7 (full 1):
 PSYoungGen      total 71680K, used 66560K [0x00000000e0000000, 0x00000000e4b00000, 0x0000000100000000)
  eden space 66560K, 100% used [0x00000000e0000000,0x00000000e4100000,0x00000000e4100000)
  from space 5120K, 0% used [0x00000000e4100000,0x00000000e4100000,0x00000000e4600000)
  to   space 5120K, 0% used [0x00000000e4600000,0x00000000e4600000,0x00000000e4b00000)
 ParOldGen       total 64000K, used 10280K [0x00000000a0000000, 0x00000000a3e80000, 0x00000000e0000000)
  object space 64000K, 16% used [0x00000000a0000000,0x00000000a0a0a158,0x00000000a3e80000)
 Metaspace       used 27919K, capacity 28452K, committed 28672K, reserved 1073152K
  class space    used 3830K, capacity 4030K, committed 4096K, reserved 1048576K
Event: 2.290 GC heap after
Heap after GC invocations=7 (full 1):
 PSYoungGen      total 71680K, used 5091K [0x00000000e0000000, 0x00000000e4b00000, 0x0000000100000000)
  eden space 66560K, 0% used [0x00000000e0000000,0x00000000e0000000,0x00000000e4100000)
  from space 5120K, 99% used [0x00000000e4600000,0x00000000e4af8ea8,0x00000000e4b00000)
  to   space 5120K, 0% used [0x00000000e4100000,0x00000000e4100000,0x00000000e4600000)
 ParOldGen       total 64000K, used 12569K [0x00000000a0000000, 0x00000000a3e80000, 0x00000000e0000000)
  object space 64000K, 19% used [0x00000000a0000000,0x00000000a0c46710,0x00000000a3e80000)
 Metaspace       used 27919K, capacity 28452K, committed 28672K, reserved 1073152K
  class space    used 3830K, capacity 4030K, committed 4096K, reserved 1048576K
}
Event: 2.681 GC heap before
{Heap before GC invocations=8 (full 1):
 PSYoungGen      total 71680K, used 71651K [0x00000000e0000000, 0x00000000e4b00000, 0x0000000100000000)
  eden space 66560K, 100% used [0x00000000e0000000,0x00000000e4100000,0x00000000e4100000)
  from space 5120K, 99% used [0x00000000e4600000,0x00000000e4af8ea8,0x00000000e4b00000)
  to   space 5120K, 0% used [0x00000000e4100000,0x00000000e4100000,0x00000000e4600000)
 ParOldGen       total 64000K, used 12569K [0x00000000a0000000, 0x00000000a3e80000, 0x00000000e0000000)
  object space 64000K, 19% used [0x00000000a0000000,0x00000000a0c46710,0x00000000a3e80000)
 Metaspace       used 32157K, capacity 32686K, committed 32896K, reserved 1077248K
  class space    used 4438K, capacity 4643K, committed 4736K, reserved 1048576K
Event: 2.689 GC heap after
Heap after GC invocations=8 (full 1):
 PSYoungGen      total 71680K, used 5120K [0x00000000e0000000, 0x00000000e4b00000, 0x0000000100000000)
  eden space 66560K, 0% used [0x00000000e0000000,0x00000000e0000000,0x00000000e4100000)
  from space 5120K, 100% used [0x00000000e4100000,0x00000000e4600000,0x00000000e4600000)
  to   space 5120K, 0% used [0x00000000e4600000,0x00000000e4600000,0x00000000e4b00000)
 ParOldGen       total 64000K, used 17062K [0x00000000a0000000, 0x00000000a3e80000, 0x00000000e0000000)
  object space 64000K, 26% used [0x00000000a0000000,0x00000000a10a9870,0x00000000a3e80000)
 Metaspace       used 32157K, capacity 32686K, committed 32896K, reserved 1077248K
  class space    used 4438K, capacity 4643K, committed 4736K, reserved 1048576K
}
Event: 3.058 GC heap before
{Heap before GC invocations=9 (full 1):
 PSYoungGen      total 71680K, used 57502K [0x00000000e0000000, 0x00000000e4b00000, 0x0000000100000000)
  eden space 66560K, 78% used [0x00000000e0000000,0x00000000e3327ad8,0x00000000e4100000)
  from space 5120K, 100% used [0x00000000e4100000,0x00000000e4600000,0x00000000e4600000)
  to   space 5120K, 0% used [0x00000000e4600000,0x00000000e4600000,0x00000000e4b00000)
 ParOldGen       total 64000K, used 17062K [0x00000000a0000000, 0x00000000a3e80000, 0x00000000e0000000)
  object space 64000K, 26% used [0x00000000a0000000,0x00000000a10a9870,0x00000000a3e80000)
 Metaspace       used 34484K, capacity 35358K, committed 35496K, reserved 1079296K
  class space    used 4771K, capacity 5025K, committed 5120K, reserved 1048576K
Event: 3.063 GC heap after
Heap after GC invocations=9 (full 1):
 PSYoungGen      total 71680K, used 5120K [0x00000000e0000000, 0x00000000e4b00000, 0x0000000100000000)
  eden space 66560K, 0% used [0x00000000e0000000,0x00000000e0000000,0x00000000e4100000)
  from space 5120K, 100% used [0x00000000e4600000,0x00000000e4b00000,0x00000000e4b00000)
  to   space 5120K, 0% used [0x00000000e4100000,0x00000000e4100000,0x00000000e4600000)
 ParOldGen       total 64000K, used 22087K [0x00000000a0000000, 0x00000000a3e80000, 0x00000000e0000000)
  object space 64000K, 34% used [0x00000000a0000000,0x00000000a1591c28,0x00000000a3e80000)
 Metaspace       used 34484K, capacity 35358K, committed 35496K, reserved 1079296K
  class space    used 4771K, capacity 5025K, committed 5120K, reserved 1048576K
}
Event: 3.063 GC heap before
{Heap before GC invocations=10 (full 2):
 PSYoungGen      total 71680K, used 5120K [0x00000000e0000000, 0x00000000e4b00000, 0x0000000100000000)
  eden space 66560K, 0% used [0x00000000e0000000,0x00000000e0000000,0x00000000e4100000)
  from space 5120K, 100% used [0x00000000e4600000,0x00000000e4b00000,0x00000000e4b00000)
  to   space 5120K, 0% used [0x00000000e4100000,0x00000000e4100000,0x00000000e4600000)
 ParOldGen       total 64000K, used 22087K [0x00000000a0000000, 0x00000000a3e80000, 0x00000000e0000000)
  object space 64000K, 34% used [0x00000000a0000000,0x00000000a1591c28,0x00000000a3e80000)
 Metaspace       used 34484K, capacity 35358K, committed 35496K, reserved 1079296K
  class space    used 4771K, capacity 5025K, committed 5120K, reserved 1048576K
Event: 3.108 GC heap after
Heap after GC invocations=10 (full 2):
 PSYoungGen      total 71680K, used 0K [0x00000000e0000000, 0x00000000e4b00000, 0x0000000100000000)
  eden space 66560K, 0% used [0x00000000e0000000,0x00000000e0000000,0x00000000e4100000)
  from space 5120K, 0% used [0x00000000e4600000,0x00000000e4600000,0x00000000e4b00000)
  to   space 5120K, 0% used [0x00000000e4100000,0x00000000e4100000,0x00000000e4600000)
 ParOldGen       total 64000K, used 17959K [0x00000000a0000000, 0x00000000a3e80000, 0x00000000e0000000)
  object space 64000K, 28% used [0x00000000a0000000,0x00000000a1189f78,0x00000000a3e80000)
 Metaspace       used 34437K, capacity 35202K, committed 35496K, reserved 1079296K
  class space    used 4757K, capacity 4999K, committed 5120K, reserved 1048576K
}
Event: 3.578 GC heap before
{Heap before GC invocations=11 (full 2):
 PSYoungGen      total 71680K, used 66560K [0x00000000e0000000, 0x00000000e4b00000, 0x0000000100000000)
  eden space 66560K, 100% used [0x00000000e0000000,0x00000000e4100000,0x00000000e4100000)
  from space 5120K, 0% used [0x00000000e4600000,0x00000000e4600000,0x00000000e4b00000)
  to   space 5120K, 0% used [0x00000000e4100000,0x00000000e4100000,0x00000000e4600000)
 ParOldGen       total 64000K, used 17959K [0x00000000a0000000, 0x00000000a3e80000, 0x00000000e0000000)
  object space 64000K, 28% used [0x00000000a0000000,0x00000000a1189f78,0x00000000a3e80000)
 Metaspace       used 42309K, capacity 43188K, committed 43392K, reserved 1087488K
  class space    used 5739K, capacity 6003K, committed 6016K, reserved 1048576K
Event: 3.585 GC heap after
Heap after GC invocations=11 (full 2):
 PSYoungGen      total 71680K, used 5111K [0x00000000e0000000, 0x00000000e4b00000, 0x0000000100000000)
  eden space 66560K, 0% used [0x00000000e0000000,0x00000000e0000000,0x00000000e4100000)
  from space 5120K, 99% used [0x00000000e4100000,0x00000000e45fdcc0,0x00000000e4600000)
  to   space 5120K, 0% used [0x00000000e4600000,0x00000000e4600000,0x00000000e4b00000)
 ParOldGen       total 64000K, used 22329K [0x00000000a0000000, 0x00000000a3e80000, 0x00000000e0000000)
  object space 64000K, 34% used [0x00000000a0000000,0x00000000a15ce6d8,0x00000000a3e80000)
 Metaspace       used 42309K, capacity 43188K, committed 43392K, reserved 1087488K
  class space    used 5739K, capacity 6003K, committed 6016K, reserved 1048576K
}

