# JRE version: OpenJDK Runtime Environment (8.0_152-b01) (build 1.8.0_152-release-1343-b01)
# Java VM: OpenJDK 64-Bit Server VM (25.152-b01 mixed mode windows-amd64 compressed oops)
Heap:
 PSYoungGen      total 138240K, used 54465K [0x00000000e0000000, 0x00000000e8c00000, 0x0000000100000000)
  eden space 133120K, 40% used [0x00000000e0000000,0x00000000e3530638,0x00000000e8200000)
  from space 5120K, 0% used [0x00000000e8700000,0x00000000e8700000,0x00000000e8c00000)
  to   space 5120K, 0% used [0x00000000e8200000,0x00000000e8200000,0x00000000e8700000)
 ParOldGen       total 71168K, used 17957K [0x00000000a0000000, 0x00000000a4580000, 0x00000000e0000000)
  object space 71168K, 25% used [0x00000000a0000000,0x00000000a1189790,0x00000000a4580000)
 Metaspace       used 41172K, capacity 42130K, committed 42496K, reserved 1089536K
  class space    used 5609K, capacity 5870K, committed 5888K, reserved 1048576K
GC Heap History (10 events):
Event: 1.835 GC heap before
{Heap before GC invocations=4 (full 0):
 PSYoungGen      total 71680K, used 50489K [0x00000000e0000000, 0x00000000e8c00000, 0x0000000100000000)
  eden space 66560K, 68% used [0x00000000e0000000,0x00000000e2c566a8,0x00000000e4100000)
  from space 5120K, 99% used [0x00000000e4100000,0x00000000e45f8020,0x00000000e4600000)
  to   space 5120K, 0% used [0x00000000e8700000,0x00000000e8700000,0x00000000e8c00000)
 ParOldGen       total 87552K, used 5484K [0x00000000a0000000, 0x00000000a5580000, 0x00000000e0000000)
  object space 87552K, 6% used [0x00000000a0000000,0x00000000a055b368,0x00000000a5580000)
 Metaspace       used 20703K, capacity 21176K, committed 21296K, reserved 1067008K
  class space    used 2913K, capacity 3125K, committed 3200K, reserved 1048576K
Event: 1.843 GC heap after
Heap after GC invocations=4 (full 0):
 PSYoungGen      total 138240K, used 5090K [0x00000000e0000000, 0x00000000e8c00000, 0x0000000100000000)
  eden space 133120K, 0% used [0x00000000e0000000,0x00000000e0000000,0x00000000e8200000)
  from space 5120K, 99% used [0x00000000e8700000,0x00000000e8bf8a40,0x00000000e8c00000)
  to   space 5120K, 0% used [0x00000000e8200000,0x00000000e8200000,0x00000000e8700000)
 ParOldGen       total 87552K, used 11155K [0x00000000a0000000, 0x00000000a5580000, 0x00000000e0000000)
  object space 87552K, 12% used [0x00000000a0000000,0x00000000a0ae4ee8,0x00000000a5580000)
 Metaspace       used 20703K, capacity 21176K, committed 21296K, reserved 1067008K
  class space    used 2913K, capacity 3125K, committed 3200K, reserved 1048576K
}
Event: 1.843 GC heap before
{Heap before GC invocations=5 (full 1):
 PSYoungGen      total 138240K, used 5090K [0x00000000e0000000, 0x00000000e8c00000, 0x0000000100000000)
  eden space 133120K, 0% used [0x00000000e0000000,0x00000000e0000000,0x00000000e8200000)
  from space 5120K, 99% used [0x00000000e8700000,0x00000000e8bf8a40,0x00000000e8c00000)
  to   space 5120K, 0% used [0x00000000e8200000,0x00000000e8200000,0x00000000e8700000)
 ParOldGen       total 87552K, used 11155K [0x00000000a0000000, 0x00000000a5580000, 0x00000000e0000000)
  object space 87552K, 12% used [0x00000000a0000000,0x00000000a0ae4ee8,0x00000000a5580000)
 Metaspace       used 20703K, capacity 21176K, committed 21296K, reserved 1067008K
  class space    used 2913K, capacity 3125K, committed 3200K, reserved 1048576K
Event: 1.872 GC heap after
Heap after GC invocations=5 (full 1):
 PSYoungGen      total 138240K, used 0K [0x00000000e0000000, 0x00000000e8c00000, 0x0000000100000000)
  eden space 133120K, 0% used [0x00000000e0000000,0x00000000e0000000,0x00000000e8200000)
  from space 5120K, 0% used [0x00000000e8700000,0x00000000e8700000,0x00000000e8c00000)
  to   space 5120K, 0% used [0x00000000e8200000,0x00000000e8200000,0x00000000e8700000)
 ParOldGen       total 71168K, used 12629K [0x00000000a0000000, 0x00000000a4580000, 0x00000000e0000000)
  object space 71168K, 17% used [0x00000000a0000000,0x00000000a0c55630,0x00000000a4580000)
 Metaspace       used 20703K, capacity 21176K, committed 21296K, reserved 1067008K
  class space    used 2913K, capacity 3125K, committed 3200K, reserved 1048576K
}
Event: 2.871 GC heap before
{Heap before GC invocations=6 (full 1):
 PSYoungGen      total 138240K, used 133120K [0x00000000e0000000, 0x00000000e8c00000, 0x0000000100000000)
  eden space 133120K, 100% used [0x00000000e0000000,0x00000000e8200000,0x00000000e8200000)
  from space 5120K, 0% used [0x00000000e8700000,0x00000000e8700000,0x00000000e8c00000)
  to   space 5120K, 0% used [0x00000000e8200000,0x00000000e8200000,0x00000000e8700000)
 ParOldGen       total 71168K, used 12629K [0x00000000a0000000, 0x00000000a4580000, 0x00000000e0000000)
  object space 71168K, 17% used [0x00000000a0000000,0x00000000a0c55630,0x00000000a4580000)
 Metaspace       used 32166K, capacity 32750K, committed 33152K, reserved 1077248K
  class space    used 4442K, capacity 4643K, committed 4736K, reserved 1048576K
Event: 2.883 GC heap after
Heap after GC invocations=6 (full 1):
 PSYoungGen      total 138240K, used 5120K [0x00000000e0000000, 0x00000000e8c00000, 0x0000000100000000)
  eden space 133120K, 0% used [0x00000000e0000000,0x00000000e0000000,0x00000000e8200000)
  from space 5120K, 100% used [0x00000000e8200000,0x00000000e8700000,0x00000000e8700000)
  to   space 5120K, 0% used [0x00000000e8700000,0x00000000e8700000,0x00000000e8c00000)
 ParOldGen       total 71168K, used 21208K [0x00000000a0000000, 0x00000000a4580000, 0x00000000e0000000)
  object space 71168K, 29% used [0x00000000a0000000,0x00000000a14b6158,0x00000000a4580000)
 Metaspace       used 32166K, capacity 32750K, committed 33152K, reserved 1077248K
  class space    used 4442K, capacity 4643K, committed 4736K, reserved 1048576K
}
Event: 3.603 GC heap before
{Heap before GC invocations=7 (full 1):
 PSYoungGen      total 138240K, used 61876K [0x00000000e0000000, 0x00000000e8c00000, 0x0000000100000000)
  eden space 133120K, 42% used [0x00000000e0000000,0x00000000e376d118,0x00000000e8200000)
  from space 5120K, 100% used [0x00000000e8200000,0x00000000e8700000,0x00000000e8700000)
  to   space 5120K, 0% used [0x00000000e8700000,0x00000000e8700000,0x00000000e8c00000)
 ParOldGen       total 71168K, used 21208K [0x00000000a0000000, 0x00000000a4580000, 0x00000000e0000000)
  object space 71168K, 29% used [0x00000000a0000000,0x00000000a14b6158,0x00000000a4580000)
 Metaspace       used 34506K, capacity 35380K, committed 35496K, reserved 1079296K
  class space    used 4773K, capacity 5028K, committed 5120K, reserved 1048576K
Event: 3.613 GC heap after
Heap after GC invocations=7 (full 1):
 PSYoungGen      total 138240K, used 5104K [0x00000000e0000000, 0x00000000e8c00000, 0x0000000100000000)
  eden space 133120K, 0% used [0x00000000e0000000,0x00000000e0000000,0x00000000e8200000)
  from space 5120K, 99% used [0x00000000e8700000,0x00000000e8bfc010,0x00000000e8c00000)
  to   space 5120K, 0% used [0x00000000e8200000,0x00000000e8200000,0x00000000e8700000)
 ParOldGen       total 71168K, used 26214K [0x00000000a0000000, 0x00000000a4580000, 0x00000000e0000000)
  object space 71168K, 36% used [0x00000000a0000000,0x00000000a1999ac0,0x00000000a4580000)
 Metaspace       used 34506K, capacity 35380K, committed 35496K, reserved 1079296K
  class space    used 4773K, capacity 5028K, committed 5120K, reserved 1048576K
}
Event: 3.613 GC heap before
{Heap before GC invocations=8 (full 2):
 PSYoungGen      total 138240K, used 5104K [0x00000000e0000000, 0x00000000e8c00000, 0x0000000100000000)
  eden space 133120K, 0% used [0x00000000e0000000,0x00000000e0000000,0x00000000e8200000)
  from space 5120K, 99% used [0x00000000e8700000,0x00000000e8bfc010,0x00000000e8c00000)
  to   space 5120K, 0% used [0x00000000e8200000,0x00000000e8200000,0x00000000e8700000)
 ParOldGen       total 71168K, used 26214K [0x00000000a0000000, 0x00000000a4580000, 0x00000000e0000000)
  object space 71168K, 36% used [0x00000000a0000000,0x00000000a1999ac0,0x00000000a4580000)
 Metaspace       used 34506K, capacity 35380K, committed 35496K, reserved 1079296K
  class space    used 4773K, capacity 5028K, committed 5120K, reserved 1048576K
Event: 3.664 GC heap after
Heap after GC invocations=8 (full 2):
 PSYoungGen      total 138240K, used 0K [0x00000000e0000000, 0x00000000e8c00000, 0x0000000100000000)
  eden space 133120K, 0% used [0x00000000e0000000,0x00000000e0000000,0x00000000e8200000)
  from space 5120K, 0% used [0x00000000e8700000,0x00000000e8700000,0x00000000e8c00000)
  to   space 5120K, 0% used [0x00000000e8200000,0x00000000e8200000,0x00000000e8700000)
 ParOldGen       total 71168K, used 17957K [0x00000000a0000000, 0x00000000a4580000, 0x00000000e0000000)
  object space 71168K, 25% used [0x00000000a0000000,0x00000000a1189790,0x00000000a4580000)
 Metaspace       used 34454K, capacity 35206K, committed 35496K, reserved 1079296K
  class space    used 4757K, capacity 4999K, committed 5120K, reserved 1048576K
}

