# JRE version: OpenJDK Runtime Environment (8.0_152-b01) (build 1.8.0_152-release-1343-b01)
# Java VM: OpenJDK 64-Bit Server VM (25.152-b01 mixed mode windows-amd64 compressed oops)
Heap:
 PSYoungGen      total 75264K, used 57164K [0x00000000e0000000, 0x00000000e6f00000, 0x0000000100000000)
  eden space 65024K, 73% used [0x00000000e0000000,0x00000000e2e8acb8,0x00000000e3f80000)
  from space 10240K, 92% used [0x00000000e4c00000,0x00000000e5548658,0x00000000e5600000)
  to   space 12800K, 0% used [0x00000000e3f80000,0x00000000e3f80000,0x00000000e4c00000)
 ParOldGen       total 58880K, used 18031K [0x00000000a0000000, 0x00000000a3980000, 0x00000000e0000000)
  object space 58880K, 30% used [0x00000000a0000000,0x00000000a119bd80,0x00000000a3980000)
 Metaspace       used 45306K, capacity 46408K, committed 46720K, reserved 1089536K
  class space    used 6127K, capacity 6426K, committed 6528K, reserved 1048576K
GC Heap History (10 events):
Event: 4.032 GC heap before
{Heap before GC invocations=8 (full 1):
 PSYoungGen      total 76800K, used 66560K [0x00000000e0000000, 0x00000000e5600000, 0x0000000100000000)
  eden space 66560K, 100% used [0x00000000e0000000,0x00000000e4100000,0x00000000e4100000)
  from space 10240K, 0% used [0x00000000e4c00000,0x00000000e4c00000,0x00000000e5600000)
  to   space 10752K, 0% used [0x00000000e4100000,0x00000000e4100000,0x00000000e4b80000)
 ParOldGen       total 58880K, used 7615K [0x00000000a0000000, 0x00000000a3980000, 0x00000000e0000000)
  object space 58880K, 12% used [0x00000000a0000000,0x00000000a076fd78,0x00000000a3980000)
 Metaspace       used 28000K, capacity 28452K, committed 28672K, reserved 1073152K
  class space    used 3836K, capacity 4030K, committed 4096K, reserved 1048576K
Event: 4.037 GC heap after
Heap after GC invocations=8 (full 1):
 PSYoungGen      total 77312K, used 7480K [0x00000000e0000000, 0x00000000e5600000, 0x0000000100000000)
  eden space 66560K, 0% used [0x00000000e0000000,0x00000000e0000000,0x00000000e4100000)
  from space 10752K, 69% used [0x00000000e4100000,0x00000000e484e260,0x00000000e4b80000)
  to   space 10240K, 0% used [0x00000000e4c00000,0x00000000e4c00000,0x00000000e5600000)
 ParOldGen       total 58880K, used 7623K [0x00000000a0000000, 0x00000000a3980000, 0x00000000e0000000)
  object space 58880K, 12% used [0x00000000a0000000,0x00000000a0771d78,0x00000000a3980000)
 Metaspace       used 28000K, capacity 28452K, committed 28672K, reserved 1073152K
  class space    used 3836K, capacity 4030K, committed 4096K, reserved 1048576K
}
Event: 4.501 GC heap before
{Heap before GC invocations=9 (full 1):
 PSYoungGen      total 77312K, used 74040K [0x00000000e0000000, 0x00000000e5600000, 0x0000000100000000)
  eden space 66560K, 100% used [0x00000000e0000000,0x00000000e4100000,0x00000000e4100000)
  from space 10752K, 69% used [0x00000000e4100000,0x00000000e484e260,0x00000000e4b80000)
  to   space 10240K, 0% used [0x00000000e4c00000,0x00000000e4c00000,0x00000000e5600000)
 ParOldGen       total 58880K, used 7623K [0x00000000a0000000, 0x00000000a3980000, 0x00000000e0000000)
  object space 58880K, 12% used [0x00000000a0000000,0x00000000a0771d78,0x00000000a3980000)
 Metaspace       used 32210K, capacity 32750K, committed 33152K, reserved 1077248K
  class space    used 4446K, capacity 4643K, committed 4736K, reserved 1048576K
Event: 4.508 GC heap after
Heap after GC invocations=9 (full 1):
 PSYoungGen      total 76800K, used 9673K [0x00000000e0000000, 0x00000000e5600000, 0x0000000100000000)
  eden space 66560K, 0% used [0x00000000e0000000,0x00000000e0000000,0x00000000e4100000)
  from space 10240K, 94% used [0x00000000e4c00000,0x00000000e55724e0,0x00000000e5600000)
  to   space 10752K, 0% used [0x00000000e4100000,0x00000000e4100000,0x00000000e4b80000)
 ParOldGen       total 58880K, used 7631K [0x00000000a0000000, 0x00000000a3980000, 0x00000000e0000000)
  object space 58880K, 12% used [0x00000000a0000000,0x00000000a0773d78,0x00000000a3980000)
 Metaspace       used 32210K, capacity 32750K, committed 33152K, reserved 1077248K
  class space    used 4446K, capacity 4643K, committed 4736K, reserved 1048576K
}
Event: 4.909 GC heap before
{Heap before GC invocations=10 (full 1):
 PSYoungGen      total 76800K, used 62757K [0x00000000e0000000, 0x00000000e5600000, 0x0000000100000000)
  eden space 66560K, 79% used [0x00000000e0000000,0x00000000e33d71e8,0x00000000e4100000)
  from space 10240K, 94% used [0x00000000e4c00000,0x00000000e55724e0,0x00000000e5600000)
  to   space 10752K, 0% used [0x00000000e4100000,0x00000000e4100000,0x00000000e4b80000)
 ParOldGen       total 58880K, used 7631K [0x00000000a0000000, 0x00000000a3980000, 0x00000000e0000000)
  object space 58880K, 12% used [0x00000000a0000000,0x00000000a0773d78,0x00000000a3980000)
 Metaspace       used 34534K, capacity 35386K, committed 35496K, reserved 1079296K
  class space    used 4780K, capacity 5029K, committed 5120K, reserved 1048576K
Event: 4.916 GC heap after
Heap after GC invocations=10 (full 1):
 PSYoungGen      total 77312K, used 10730K [0x00000000e0000000, 0x00000000e5600000, 0x0000000100000000)
  eden space 66560K, 0% used [0x00000000e0000000,0x00000000e0000000,0x00000000e4100000)
  from space 10752K, 99% used [0x00000000e4100000,0x00000000e4b7a898,0x00000000e4b80000)
  to   space 10240K, 0% used [0x00000000e4c00000,0x00000000e4c00000,0x00000000e5600000)
 ParOldGen       total 58880K, used 8083K [0x00000000a0000000, 0x00000000a3980000, 0x00000000e0000000)
  object space 58880K, 13% used [0x00000000a0000000,0x00000000a07e4c30,0x00000000a3980000)
 Metaspace       used 34534K, capacity 35386K, committed 35496K, reserved 1079296K
  class space    used 4780K, capacity 5029K, committed 5120K, reserved 1048576K
}
Event: 4.916 GC heap before
{Heap before GC invocations=11 (full 2):
 PSYoungGen      total 77312K, used 10730K [0x00000000e0000000, 0x00000000e5600000, 0x0000000100000000)
  eden space 66560K, 0% used [0x00000000e0000000,0x00000000e0000000,0x00000000e4100000)
  from space 10752K, 99% used [0x00000000e4100000,0x00000000e4b7a898,0x00000000e4b80000)
  to   space 10240K, 0% used [0x00000000e4c00000,0x00000000e4c00000,0x00000000e5600000)
 ParOldGen       total 58880K, used 8083K [0x00000000a0000000, 0x00000000a3980000, 0x00000000e0000000)
  object space 58880K, 13% used [0x00000000a0000000,0x00000000a07e4c30,0x00000000a3980000)
 Metaspace       used 34534K, capacity 35386K, committed 35496K, reserved 1079296K
  class space    used 4780K, capacity 5029K, committed 5120K, reserved 1048576K
Event: 4.947 GC heap after
Heap after GC invocations=11 (full 2):
 PSYoungGen      total 77312K, used 0K [0x00000000e0000000, 0x00000000e5600000, 0x0000000100000000)
  eden space 66560K, 0% used [0x00000000e0000000,0x00000000e0000000,0x00000000e4100000)
  from space 10752K, 0% used [0x00000000e4100000,0x00000000e4100000,0x00000000e4b80000)
  to   space 10240K, 0% used [0x00000000e4c00000,0x00000000e4c00000,0x00000000e5600000)
 ParOldGen       total 58880K, used 18023K [0x00000000a0000000, 0x00000000a3980000, 0x00000000e0000000)
  object space 58880K, 30% used [0x00000000a0000000,0x00000000a1199d80,0x00000000a3980000)
 Metaspace       used 34479K, capacity 35200K, committed 35496K, reserved 1079296K
  class space    used 4763K, capacity 4998K, committed 5120K, reserved 1048576K
}
Event: 5.552 GC heap before
{Heap before GC invocations=12 (full 2):
 PSYoungGen      total 77312K, used 66560K [0x00000000e0000000, 0x00000000e5600000, 0x0000000100000000)
  eden space 66560K, 100% used [0x00000000e0000000,0x00000000e4100000,0x00000000e4100000)
  from space 10752K, 0% used [0x00000000e4100000,0x00000000e4100000,0x00000000e4b80000)
  to   space 10240K, 0% used [0x00000000e4c00000,0x00000000e4c00000,0x00000000e5600000)
 ParOldGen       total 58880K, used 18023K [0x00000000a0000000, 0x00000000a3980000, 0x00000000e0000000)
  object space 58880K, 30% used [0x00000000a0000000,0x00000000a1199d80,0x00000000a3980000)
 Metaspace       used 42334K, capacity 43256K, committed 43648K, reserved 1087488K
  class space    used 5746K, capacity 6003K, committed 6016K, reserved 1048576K
Event: 5.564 GC heap after
Heap after GC invocations=12 (full 2):
 PSYoungGen      total 75264K, used 9505K [0x00000000e0000000, 0x00000000e6f00000, 0x0000000100000000)
  eden space 65024K, 0% used [0x00000000e0000000,0x00000000e0000000,0x00000000e3f80000)
  from space 10240K, 92% used [0x00000000e4c00000,0x00000000e5548658,0x00000000e5600000)
  to   space 12800K, 0% used [0x00000000e3f80000,0x00000000e3f80000,0x00000000e4c00000)
 ParOldGen       total 58880K, used 18031K [0x00000000a0000000, 0x00000000a3980000, 0x00000000e0000000)
  object space 58880K, 30% used [0x00000000a0000000,0x00000000a119bd80,0x00000000a3980000)
 Metaspace       used 42334K, capacity 43256K, committed 43648K, reserved 1087488K
  class space    used 5746K, capacity 6003K, committed 6016K, reserved 1048576K
}

